  [1m[36m (117.2ms)[0m  [1mCREATE TABLE `schema_migrations` (`version` varchar(255) NOT NULL) ENGINE=InnoDB[0m
  [1m[35m (199.9ms)[0m  CREATE UNIQUE INDEX `unique_schema_migrations`  ON `schema_migrations` (`version`) 
  [1m[36mActiveRecord::SchemaMigration Load (0.3ms)[0m  [1mSELECT `schema_migrations`.* FROM `schema_migrations`[0m
Migrating to CreateVideos (20160521205112)
  [1m[35m (92.0ms)[0m  CREATE TABLE `videos` (`id` int(11) auto_increment PRIMARY KEY, `description` text, `created_at` datetime NOT NULL, `updated_at` datetime NOT NULL) ENGINE=InnoDB
  [1m[36m (0.1ms)[0m  [1mBEGIN[0m
  [1m[35mSQL (0.2ms)[0m  INSERT INTO `schema_migrations` (`version`) VALUES ('20160521205112')
  [1m[36m (53.8ms)[0m  [1mCOMMIT[0m
Migrating to CreateTests (20160521205157)
  [1m[35m (87.8ms)[0m  CREATE TABLE `tests` (`id` int(11) auto_increment PRIMARY KEY, `description` text, `question` text, `alternative1` text, `alternative2` text, `alternative3` text, `alternative4` text, `answer` text, `video_id` int(11), `created_at` datetime NOT NULL, `updated_at` datetime NOT NULL,  INDEX `index_tests_on_video_id`  (`video_id`) ) ENGINE=InnoDB
  [1m[36m (234.1ms)[0m  [1mALTER TABLE `tests` ADD CONSTRAINT `fk_rails_8ef55fa501`
FOREIGN KEY (`video_id`)
  REFERENCES `videos` (`id`)
[0m
  [1m[35m (0.1ms)[0m  BEGIN
  [1m[36mSQL (0.2ms)[0m  [1mINSERT INTO `schema_migrations` (`version`) VALUES ('20160521205157')[0m
  [1m[35m (43.3ms)[0m  COMMIT
  [1m[36mActiveRecord::SchemaMigration Load (0.3ms)[0m  [1mSELECT `schema_migrations`.* FROM `schema_migrations`[0m
  [1m[35m (0.4ms)[0m  SELECT fk.referenced_table_name as 'to_table'
      ,fk.referenced_column_name as 'primary_key'
      ,fk.column_name as 'column'
      ,fk.constraint_name as 'name'
FROM information_schema.key_column_usage fk
WHERE fk.referenced_column_name is not null
  AND fk.table_schema = 'quiz_development'
  AND fk.table_name = 'tests'

  [1m[36m (0.3ms)[0m  [1mSHOW CREATE TABLE `tests`[0m
  [1m[35m (0.3ms)[0m  SELECT fk.referenced_table_name as 'to_table'
      ,fk.referenced_column_name as 'primary_key'
      ,fk.column_name as 'column'
      ,fk.constraint_name as 'name'
FROM information_schema.key_column_usage fk
WHERE fk.referenced_column_name is not null
  AND fk.table_schema = 'quiz_development'
  AND fk.table_name = 'videos'

  [1m[36m (0.2ms)[0m  [1mSHOW CREATE TABLE `videos`[0m
  [1m[36m (0.2ms)[0m  [1mBEGIN[0m
  [1m[35mSQL (0.3ms)[0m  INSERT INTO `videos` (`created_at`, `updated_at`) VALUES ('2016-05-21 20:58:39', '2016-05-21 20:58:39')
  [1m[36m (35.6ms)[0m  [1mCOMMIT[0m
  [1m[35m (0.2ms)[0m  BEGIN
  [1m[36mSQL (0.2ms)[0m  [1mINSERT INTO `tests` (`created_at`, `updated_at`) VALUES ('2016-05-21 20:59:02', '2016-05-21 20:59:02')[0m
  [1m[35m (56.7ms)[0m  COMMIT
  [1m[36mTest Load (0.3ms)[0m  [1mSELECT `tests`.* FROM `tests` WHERE `tests`.`video_id` = 1[0m
  [1m[35m (0.1ms)[0m  BEGIN
  [1m[36mSQL (0.2ms)[0m  [1mINSERT INTO `tests` (`video_id`, `created_at`, `updated_at`) VALUES (1, '2016-05-21 21:02:43', '2016-05-21 21:02:43')[0m
  [1m[35m (36.8ms)[0m  COMMIT


Started GET "/" for 127.0.0.1 at 2016-05-21 18:15:48 -0300
  [1m[36mActiveRecord::SchemaMigration Load (0.1ms)[0m  [1mSELECT `schema_migrations`.* FROM `schema_migrations`[0m
Processing by WelcomeController#index as HTML
  Rendered welcome/index.html.erb within layouts/application (0.9ms)
Completed 200 OK in 1365ms (Views: 1333.7ms | ActiveRecord: 0.0ms)


Started GET "/assets/scaffolds.self-6a35ae0eb5b90f87ed3f667b6b08d4be1c85e87077f3a755c6c4de21dd2c2c6c.css?body=1" for 127.0.0.1 at 2016-05-21 18:15:49 -0300


Started GET "/assets/tests.self-e3b0c44298fc1c149afbf4c8996fb92427ae41e4649b934ca495991b7852b855.css?body=1" for 127.0.0.1 at 2016-05-21 18:15:49 -0300


Started GET "/assets/videos.self-e3b0c44298fc1c149afbf4c8996fb92427ae41e4649b934ca495991b7852b855.css?body=1" for 127.0.0.1 at 2016-05-21 18:15:49 -0300


Started GET "/assets/videos.self-877aef30ae1b040ab8a3aba4e3e309a11d7f2612f44dde450b5c157aa5f95c05.js?body=1" for 127.0.0.1 at 2016-05-21 18:15:49 -0300


Started GET "/assets/tests.self-877aef30ae1b040ab8a3aba4e3e309a11d7f2612f44dde450b5c157aa5f95c05.js?body=1" for 127.0.0.1 at 2016-05-21 18:15:49 -0300


Started GET "/info/routes" for 127.0.0.1 at 2016-05-21 18:16:07 -0300

ActionController::RoutingError (No route matches [GET] "/info/routes"):
  actionpack (4.2.6) lib/action_dispatch/middleware/debug_exceptions.rb:21:in `call'
  web-console (2.3.0) lib/web_console/middleware.rb:28:in `block in call'
  web-console (2.3.0) lib/web_console/middleware.rb:18:in `catch'
  web-console (2.3.0) lib/web_console/middleware.rb:18:in `call'
  actionpack (4.2.6) lib/action_dispatch/middleware/show_exceptions.rb:30:in `call'
  railties (4.2.6) lib/rails/rack/logger.rb:38:in `call_app'
  railties (4.2.6) lib/rails/rack/logger.rb:20:in `block in call'
  activesupport (4.2.6) lib/active_support/tagged_logging.rb:68:in `block in tagged'
  activesupport (4.2.6) lib/active_support/tagged_logging.rb:26:in `tagged'
  activesupport (4.2.6) lib/active_support/tagged_logging.rb:68:in `tagged'
  railties (4.2.6) lib/rails/rack/logger.rb:20:in `call'
  actionpack (4.2.6) lib/action_dispatch/middleware/request_id.rb:21:in `call'
  rack (1.6.4) lib/rack/methodoverride.rb:22:in `call'
  rack (1.6.4) lib/rack/runtime.rb:18:in `call'
  activesupport (4.2.6) lib/active_support/cache/strategy/local_cache_middleware.rb:28:in `call'
  rack (1.6.4) lib/rack/lock.rb:17:in `call'
  actionpack (4.2.6) lib/action_dispatch/middleware/static.rb:120:in `call'
  rack (1.6.4) lib/rack/sendfile.rb:113:in `call'
  railties (4.2.6) lib/rails/engine.rb:518:in `call'
  railties (4.2.6) lib/rails/application.rb:165:in `call'
  rack (1.6.4) lib/rack/lock.rb:17:in `call'
  rack (1.6.4) lib/rack/content_length.rb:15:in `call'
  rack (1.6.4) lib/rack/handler/webrick.rb:88:in `service'
  /usr/lib/ruby/2.2.0/webrick/httpserver.rb:138:in `service'
  /usr/lib/ruby/2.2.0/webrick/httpserver.rb:94:in `run'
  /usr/lib/ruby/2.2.0/webrick/server.rb:294:in `block in start_thread'


  Rendered /var/lib/gems/2.2.0/gems/actionpack-4.2.6/lib/action_dispatch/middleware/templates/rescues/_trace.html.erb (1.1ms)
  Rendered /var/lib/gems/2.2.0/gems/actionpack-4.2.6/lib/action_dispatch/middleware/templates/routes/_route.html.erb (1.1ms)
  Rendered /var/lib/gems/2.2.0/gems/actionpack-4.2.6/lib/action_dispatch/middleware/templates/routes/_table.html.erb (40.4ms)
  Rendered /var/lib/gems/2.2.0/gems/actionpack-4.2.6/lib/action_dispatch/middleware/templates/rescues/_request_and_response.html.erb (1.2ms)
  Rendered /var/lib/gems/2.2.0/gems/actionpack-4.2.6/lib/action_dispatch/middleware/templates/rescues/routing_error.html.erb within rescues/layout (79.1ms)
  Rendered /var/lib/gems/2.2.0/gems/web-console-2.3.0/lib/web_console/templates/_markup.html.erb (0.3ms)
  Rendered /var/lib/gems/2.2.0/gems/web-console-2.3.0/lib/web_console/templates/_inner_console_markup.html.erb within layouts/inlined_string (0.3ms)
  Rendered /var/lib/gems/2.2.0/gems/web-console-2.3.0/lib/web_console/templates/_prompt_box_markup.html.erb within layouts/inlined_string (0.3ms)
  Rendered /var/lib/gems/2.2.0/gems/web-console-2.3.0/lib/web_console/templates/style.css.erb within layouts/inlined_string (0.3ms)
  Rendered /var/lib/gems/2.2.0/gems/web-console-2.3.0/lib/web_console/templates/console.js.erb within layouts/javascript (45.3ms)
  Rendered /var/lib/gems/2.2.0/gems/web-console-2.3.0/lib/web_console/templates/main.js.erb within layouts/javascript (0.3ms)
  Rendered /var/lib/gems/2.2.0/gems/web-console-2.3.0/lib/web_console/templates/error_page.js.erb within layouts/javascript (0.4ms)
  Rendered /var/lib/gems/2.2.0/gems/web-console-2.3.0/lib/web_console/templates/index.html.erb (68.6ms)


Started GET "/" for 127.0.0.1 at 2016-05-21 18:16:41 -0300
Processing by WelcomeController#index as HTML
  Rendered welcome/index.html.erb within layouts/application (11.8ms)
Completed 500 Internal Server Error in 19ms (ActiveRecord: 0.0ms)

ActionView::Template::Error (undefined method `to' for #<#<Class:0x0000000415e010>:0x007fd569929b68>):
    1: -- Welcome to Quizlandia! --
    2: 
    3: <%= link to 'db quiz' ,  tests_path %>
    4: <%= link to 'db video' ,  videos_path %>
  app/views/welcome/index.html.erb:3:in `_app_views_welcome_index_html_erb__4449090420386232052_70277294808100'


  Rendered /var/lib/gems/2.2.0/gems/actionpack-4.2.6/lib/action_dispatch/middleware/templates/rescues/_source.erb (7.2ms)
  Rendered /var/lib/gems/2.2.0/gems/actionpack-4.2.6/lib/action_dispatch/middleware/templates/rescues/_trace.html.erb (2.0ms)
  Rendered /var/lib/gems/2.2.0/gems/actionpack-4.2.6/lib/action_dispatch/middleware/templates/rescues/_request_and_response.html.erb (0.7ms)
  Rendered /var/lib/gems/2.2.0/gems/actionpack-4.2.6/lib/action_dispatch/middleware/templates/rescues/template_error.html.erb within rescues/layout (20.8ms)
  Rendered /var/lib/gems/2.2.0/gems/web-console-2.3.0/lib/web_console/templates/_markup.html.erb (0.4ms)
  Rendered /var/lib/gems/2.2.0/gems/web-console-2.3.0/lib/web_console/templates/_inner_console_markup.html.erb within layouts/inlined_string (0.3ms)
  Rendered /var/lib/gems/2.2.0/gems/web-console-2.3.0/lib/web_console/templates/_prompt_box_markup.html.erb within layouts/inlined_string (0.5ms)
  Rendered /var/lib/gems/2.2.0/gems/web-console-2.3.0/lib/web_console/templates/style.css.erb within layouts/inlined_string (0.3ms)
  Rendered /var/lib/gems/2.2.0/gems/web-console-2.3.0/lib/web_console/templates/console.js.erb within layouts/javascript (18.3ms)
  Rendered /var/lib/gems/2.2.0/gems/web-console-2.3.0/lib/web_console/templates/main.js.erb within layouts/javascript (0.2ms)
  Rendered /var/lib/gems/2.2.0/gems/web-console-2.3.0/lib/web_console/templates/error_page.js.erb within layouts/javascript (0.3ms)
  Rendered /var/lib/gems/2.2.0/gems/web-console-2.3.0/lib/web_console/templates/index.html.erb (33.1ms)


Started GET "/" for 127.0.0.1 at 2016-05-21 18:17:50 -0300
Processing by WelcomeController#index as HTML
  Rendered welcome/index.html.erb within layouts/application (0.9ms)
Completed 200 OK in 23ms (Views: 22.3ms | ActiveRecord: 0.0ms)


Started GET "/assets/welcome.self-e3b0c44298fc1c149afbf4c8996fb92427ae41e4649b934ca495991b7852b855.css?body=1" for 127.0.0.1 at 2016-05-21 18:17:50 -0300


Started GET "/assets/welcome.self-877aef30ae1b040ab8a3aba4e3e309a11d7f2612f44dde450b5c157aa5f95c05.js?body=1" for 127.0.0.1 at 2016-05-21 18:17:50 -0300


Started GET "/assets/application.self-e80e8f2318043e8af94dddc2adad5a4f09739a8ebb323b3ab31cd71d45fd9113.css?body=1" for 127.0.0.1 at 2016-05-21 18:17:50 -0300


Started GET "/assets/jquery_ujs.self-e87806d0cf4489aeb1bb7288016024e8de67fd18db693fe026fe3907581e53cd.js?body=1" for 127.0.0.1 at 2016-05-21 18:17:50 -0300


Started GET "/assets/turbolinks.self-c37727e9bd6b2735da5c311aa83fead54ed0be6cc8bd9a65309e9c5abe2cbfff.js?body=1" for 127.0.0.1 at 2016-05-21 18:17:50 -0300


Started GET "/assets/jquery.self-660adc51e0224b731d29f575a6f1ec167ba08ad06ed5deca4f1e8654c135bf4c.js?body=1" for 127.0.0.1 at 2016-05-21 18:17:50 -0300


Started GET "/assets/application.self-3b8dabdc891efe46b9a144b400ad69e37d7e5876bdc39dee783419a69d7ca819.js?body=1" for 127.0.0.1 at 2016-05-21 18:17:50 -0300


Started GET "/assets/scaffolds.self-6a35ae0eb5b90f87ed3f667b6b08d4be1c85e87077f3a755c6c4de21dd2c2c6c.css?body=1" for 127.0.0.1 at 2016-05-21 18:17:50 -0300


Started GET "/assets/tests.self-e3b0c44298fc1c149afbf4c8996fb92427ae41e4649b934ca495991b7852b855.css?body=1" for 127.0.0.1 at 2016-05-21 18:17:50 -0300


Started GET "/assets/videos.self-e3b0c44298fc1c149afbf4c8996fb92427ae41e4649b934ca495991b7852b855.css?body=1" for 127.0.0.1 at 2016-05-21 18:17:50 -0300


Started GET "/assets/tests.self-877aef30ae1b040ab8a3aba4e3e309a11d7f2612f44dde450b5c157aa5f95c05.js?body=1" for 127.0.0.1 at 2016-05-21 18:17:50 -0300


Started GET "/assets/videos.self-877aef30ae1b040ab8a3aba4e3e309a11d7f2612f44dde450b5c157aa5f95c05.js?body=1" for 127.0.0.1 at 2016-05-21 18:17:50 -0300


Started GET "/tests" for 127.0.0.1 at 2016-05-21 18:17:51 -0300
Processing by TestsController#index as HTML
  [1m[35mTest Load (0.3ms)[0m  SELECT `tests`.* FROM `tests`
  [1m[36mVideo Load (0.3ms)[0m  [1mSELECT  `videos`.* FROM `videos` WHERE `videos`.`id` = 1 LIMIT 1[0m
  Rendered tests/index.html.erb within layouts/application (54.0ms)
Completed 200 OK in 87ms (Views: 72.9ms | ActiveRecord: 2.1ms)


Started GET "/videos" for 127.0.0.1 at 2016-05-21 18:17:55 -0300
Processing by VideosController#index as HTML
  [1m[35mVideo Load (0.3ms)[0m  SELECT `videos`.* FROM `videos`
  Rendered videos/index.html.erb within layouts/application (3.0ms)
Completed 200 OK in 36ms (Views: 34.2ms | ActiveRecord: 0.3ms)


Started GET "/" for 127.0.0.1 at 2016-05-21 18:18:21 -0300
Processing by WelcomeController#index as HTML
  Rendered welcome/index.html.erb within layouts/application (0.9ms)
Completed 200 OK in 24ms (Views: 23.8ms | ActiveRecord: 0.0ms)


Started GET "/" for 127.0.0.1 at 2016-05-21 18:19:11 -0300
Processing by WelcomeController#index as HTML
  Rendered welcome/index.html.erb within layouts/application (0.7ms)
Completed 200 OK in 23ms (Views: 22.2ms | ActiveRecord: 0.0ms)


Started GET "/tests" for 127.0.0.1 at 2016-05-21 18:19:13 -0300
Processing by TestsController#index as HTML
  [1m[36mTest Load (0.2ms)[0m  [1mSELECT `tests`.* FROM `tests`[0m
  [1m[35mVideo Load (0.1ms)[0m  SELECT  `videos`.* FROM `videos` WHERE `videos`.`id` = 1 LIMIT 1
  Rendered tests/index.html.erb within layouts/application (2.4ms)
Completed 200 OK in 21ms (Views: 20.0ms | ActiveRecord: 0.3ms)


Started GET "/tests/new" for 127.0.0.1 at 2016-05-21 18:19:15 -0300
Processing by TestsController#new as HTML
  Rendered tests/_form.html.erb (23.9ms)
  Rendered tests/new.html.erb within layouts/application (25.7ms)
Completed 200 OK in 53ms (Views: 51.5ms | ActiveRecord: 0.0ms)


Started POST "/tests" for 127.0.0.1 at 2016-05-21 18:19:24 -0300
Processing by TestsController#create as HTML
  Parameters: {"utf8"=>"✓", "authenticity_token"=>"mFSfYfYcwUcyfjUM6iDVzEUVBMF5QSlIgf2qWzA4oXM2vUmsZiAPKt6kK/CFS3l1h8G/EIFjr5qNteDYHP4hQA==", "test"=>{"description"=>"1", "question"=>"1", "alternative1"=>"1", "alternative2"=>"1", "alternative3"=>"1", "alternative4"=>"1", "answer"=>"1", "video_id"=>""}, "commit"=>"Create Test"}
  [1m[36m (0.1ms)[0m  [1mBEGIN[0m
  [1m[35mSQL (0.3ms)[0m  INSERT INTO `tests` (`description`, `question`, `alternative1`, `alternative2`, `alternative3`, `alternative4`, `answer`, `created_at`, `updated_at`) VALUES ('1', '1', '1', '1', '1', '1', '1', '2016-05-21 21:19:24', '2016-05-21 21:19:24')
  [1m[36m (42.8ms)[0m  [1mCOMMIT[0m
Redirected to http://localhost:3000/tests/3
Completed 302 Found in 52ms (ActiveRecord: 43.3ms)


Started GET "/tests/3" for 127.0.0.1 at 2016-05-21 18:19:24 -0300
Processing by TestsController#show as HTML
  Parameters: {"id"=>"3"}
  [1m[35mTest Load (0.3ms)[0m  SELECT  `tests`.* FROM `tests` WHERE `tests`.`id` = 3 LIMIT 1
  Rendered tests/show.html.erb within layouts/application (0.9ms)
Completed 200 OK in 37ms (Views: 21.0ms | ActiveRecord: 0.3ms)


Started GET "/tests/3/edit" for 127.0.0.1 at 2016-05-21 18:19:28 -0300
Processing by TestsController#edit as HTML
  Parameters: {"id"=>"3"}
  [1m[36mTest Load (0.2ms)[0m  [1mSELECT  `tests`.* FROM `tests` WHERE `tests`.`id` = 3 LIMIT 1[0m
  Rendered tests/_form.html.erb (3.6ms)
  Rendered tests/edit.html.erb within layouts/application (5.1ms)
Completed 200 OK in 34ms (Views: 32.6ms | ActiveRecord: 0.2ms)


Started PATCH "/tests/3" for 127.0.0.1 at 2016-05-21 18:19:30 -0300
Processing by TestsController#update as HTML
  Parameters: {"utf8"=>"✓", "authenticity_token"=>"ovl7siqQ0kkRWUh/T+OFzJqZ+T9llttKNdVIwRmO53cMEK1/uqwcJP2DVoMgiCl1WE1C7p20XZg5nQJCNUhnRA==", "test"=>{"description"=>"1", "question"=>"1", "alternative1"=>"1", "alternative2"=>"1", "alternative3"=>"1", "alternative4"=>"1", "answer"=>"1", "video_id"=>"1"}, "commit"=>"Update Test", "id"=>"3"}
  [1m[35mTest Load (0.2ms)[0m  SELECT  `tests`.* FROM `tests` WHERE `tests`.`id` = 3 LIMIT 1
  [1m[36m (0.1ms)[0m  [1mBEGIN[0m
  [1m[35mSQL (171.8ms)[0m  UPDATE `tests` SET `video_id` = 1, `updated_at` = '2016-05-21 21:19:30' WHERE `tests`.`id` = 3
  [1m[36m (56.3ms)[0m  [1mCOMMIT[0m
Redirected to http://localhost:3000/tests/3
Completed 302 Found in 237ms (ActiveRecord: 228.4ms)


Started GET "/tests/3" for 127.0.0.1 at 2016-05-21 18:19:31 -0300
Processing by TestsController#show as HTML
  Parameters: {"id"=>"3"}
  [1m[35mTest Load (0.3ms)[0m  SELECT  `tests`.* FROM `tests` WHERE `tests`.`id` = 3 LIMIT 1
  [1m[36mVideo Load (0.2ms)[0m  [1mSELECT  `videos`.* FROM `videos` WHERE `videos`.`id` = 1 LIMIT 1[0m
  Rendered tests/show.html.erb within layouts/application (1.9ms)
Completed 200 OK in 22ms (Views: 20.9ms | ActiveRecord: 0.4ms)


Started GET "/tests" for 127.0.0.1 at 2016-05-21 18:19:33 -0300
Processing by TestsController#index as HTML
  [1m[35mTest Load (0.2ms)[0m  SELECT `tests`.* FROM `tests`
  [1m[36mVideo Load (0.1ms)[0m  [1mSELECT  `videos`.* FROM `videos` WHERE `videos`.`id` = 1 LIMIT 1[0m
  [1m[35mCACHE (0.0ms)[0m  SELECT  `videos`.* FROM `videos` WHERE `videos`.`id` = 1 LIMIT 1  [["id", 1]]
  Rendered tests/index.html.erb within layouts/application (5.6ms)
Completed 200 OK in 23ms (Views: 22.4ms | ActiveRecord: 0.4ms)


Started GET "/tests/2/edit" for 127.0.0.1 at 2016-05-21 18:19:37 -0300
Processing by TestsController#edit as HTML
  Parameters: {"id"=>"2"}
  [1m[36mTest Load (0.5ms)[0m  [1mSELECT  `tests`.* FROM `tests` WHERE `tests`.`id` = 2 LIMIT 1[0m
  Rendered tests/_form.html.erb (3.9ms)
  Rendered tests/edit.html.erb within layouts/application (5.1ms)
Completed 200 OK in 26ms (Views: 23.8ms | ActiveRecord: 0.5ms)


Started PATCH "/tests/2" for 127.0.0.1 at 2016-05-21 18:19:43 -0300
Processing by TestsController#update as HTML
  Parameters: {"utf8"=>"✓", "authenticity_token"=>"lwC/Rnu0YG0uexdFIG0TSPAJE/GehPbMnUWtMAIBypQ56WmL64iuAMKhCblPBr/xMt2oIGamcB6RDeezLsdKpw==", "test"=>{"description"=>"2", "question"=>"2", "alternative1"=>"2", "alternative2"=>"2", "alternative3"=>"2", "alternative4"=>"2", "answer"=>"2", "video_id"=>"1"}, "commit"=>"Update Test", "id"=>"2"}
  [1m[35mTest Load (0.1ms)[0m  SELECT  `tests`.* FROM `tests` WHERE `tests`.`id` = 2 LIMIT 1
  [1m[36m (0.1ms)[0m  [1mBEGIN[0m
  [1m[35mSQL (0.3ms)[0m  UPDATE `tests` SET `description` = '2', `question` = '2', `alternative1` = '2', `alternative2` = '2', `alternative3` = '2', `alternative4` = '2', `answer` = '2', `updated_at` = '2016-05-21 21:19:43' WHERE `tests`.`id` = 2
  [1m[36m (35.7ms)[0m  [1mCOMMIT[0m
Redirected to http://localhost:3000/tests/2
Completed 302 Found in 40ms (ActiveRecord: 36.2ms)


Started GET "/tests/2" for 127.0.0.1 at 2016-05-21 18:19:43 -0300
Processing by TestsController#show as HTML
  Parameters: {"id"=>"2"}
  [1m[35mTest Load (0.3ms)[0m  SELECT  `tests`.* FROM `tests` WHERE `tests`.`id` = 2 LIMIT 1
  [1m[36mVideo Load (0.2ms)[0m  [1mSELECT  `videos`.* FROM `videos` WHERE `videos`.`id` = 1 LIMIT 1[0m
  Rendered tests/show.html.erb within layouts/application (1.2ms)
Completed 200 OK in 23ms (Views: 21.3ms | ActiveRecord: 0.5ms)


Started GET "/tests" for 127.0.0.1 at 2016-05-21 18:19:45 -0300
Processing by TestsController#index as HTML
  [1m[35mTest Load (0.3ms)[0m  SELECT `tests`.* FROM `tests`
  [1m[36mVideo Load (0.1ms)[0m  [1mSELECT  `videos`.* FROM `videos` WHERE `videos`.`id` = 1 LIMIT 1[0m
  [1m[35mCACHE (0.0ms)[0m  SELECT  `videos`.* FROM `videos` WHERE `videos`.`id` = 1 LIMIT 1  [["id", 1]]
  Rendered tests/index.html.erb within layouts/application (4.1ms)
Completed 200 OK in 29ms (Views: 28.0ms | ActiveRecord: 0.4ms)


Started GET "/" for 127.0.0.1 at 2016-05-21 18:19:54 -0300
Processing by WelcomeController#index as HTML
  Rendered welcome/index.html.erb within layouts/application (0.4ms)
Completed 200 OK in 32ms (Views: 30.6ms | ActiveRecord: 0.0ms)


Started GET "/videos" for 127.0.0.1 at 2016-05-21 18:19:56 -0300
Processing by VideosController#index as HTML
  [1m[36mVideo Load (0.2ms)[0m  [1mSELECT `videos`.* FROM `videos`[0m
  Rendered videos/index.html.erb within layouts/application (1.2ms)
Completed 200 OK in 24ms (Views: 22.3ms | ActiveRecord: 0.2ms)


Started GET "/videos/new" for 127.0.0.1 at 2016-05-21 18:19:58 -0300
Processing by VideosController#new as HTML
  Rendered videos/_form.html.erb (5.8ms)
  Rendered videos/new.html.erb within layouts/application (8.4ms)
Completed 200 OK in 45ms (Views: 43.4ms | ActiveRecord: 0.0ms)


Started POST "/videos" for 127.0.0.1 at 2016-05-21 18:20:00 -0300
Processing by VideosController#create as HTML
  Parameters: {"utf8"=>"✓", "authenticity_token"=>"V4F5G5oj8s65a6ec/t1W5iX6Ixv+vfLFxDecL3JQ8/r5aK/WCh88o1WxuWCRtvpf5y6YygafdBfIf9asXpZzyQ==", "video"=>{"description"=>"1"}, "commit"=>"Create Video"}
  [1m[35m (0.2ms)[0m  BEGIN
  [1m[36mSQL (0.3ms)[0m  [1mINSERT INTO `videos` (`description`, `created_at`, `updated_at`) VALUES ('1', '2016-05-21 21:20:00', '2016-05-21 21:20:00')[0m
  [1m[35m (103.1ms)[0m  COMMIT
Redirected to http://localhost:3000/videos/2
Completed 302 Found in 107ms (ActiveRecord: 103.5ms)


Started GET "/videos/2" for 127.0.0.1 at 2016-05-21 18:20:00 -0300
Processing by VideosController#show as HTML
  Parameters: {"id"=>"2"}
  [1m[36mVideo Load (0.2ms)[0m  [1mSELECT  `videos`.* FROM `videos` WHERE `videos`.`id` = 2 LIMIT 1[0m
  Rendered videos/show.html.erb within layouts/application (0.6ms)
Completed 200 OK in 17ms (Views: 16.1ms | ActiveRecord: 0.2ms)


Started GET "/videos" for 127.0.0.1 at 2016-05-21 18:20:01 -0300
Processing by VideosController#index as HTML
  [1m[35mVideo Load (0.6ms)[0m  SELECT `videos`.* FROM `videos`
  Rendered videos/index.html.erb within layouts/application (4.3ms)
Completed 200 OK in 26ms (Views: 24.8ms | ActiveRecord: 0.6ms)


Started GET "/videos/1/edit" for 127.0.0.1 at 2016-05-21 18:20:04 -0300
Processing by VideosController#edit as HTML
  Parameters: {"id"=>"1"}
  [1m[36mVideo Load (0.5ms)[0m  [1mSELECT  `videos`.* FROM `videos` WHERE `videos`.`id` = 1 LIMIT 1[0m
  Rendered videos/_form.html.erb (2.4ms)
  Rendered videos/edit.html.erb within layouts/application (4.8ms)
Completed 200 OK in 44ms (Views: 41.6ms | ActiveRecord: 0.5ms)


Started PATCH "/videos/1" for 127.0.0.1 at 2016-05-21 18:20:06 -0300
Processing by VideosController#update as HTML
  Parameters: {"utf8"=>"✓", "authenticity_token"=>"Hj47XZSeLPEIvJMT10iQWexPFiQwrwsldlErEum7RA6w1+2QBKLinORmje+4IzzgLput9ciNjfd6GWGRxX3EPQ==", "video"=>{"description"=>"2"}, "commit"=>"Update Video", "id"=>"1"}
  [1m[35mVideo Load (0.2ms)[0m  SELECT  `videos`.* FROM `videos` WHERE `videos`.`id` = 1 LIMIT 1
  [1m[36m (0.1ms)[0m  [1mBEGIN[0m
  [1m[35mSQL (0.3ms)[0m  UPDATE `videos` SET `description` = '2', `updated_at` = '2016-05-21 21:20:06' WHERE `videos`.`id` = 1
  [1m[36m (108.0ms)[0m  [1mCOMMIT[0m
Redirected to http://localhost:3000/videos/1
Completed 302 Found in 112ms (ActiveRecord: 108.6ms)


Started GET "/videos/1" for 127.0.0.1 at 2016-05-21 18:20:06 -0300
Processing by VideosController#show as HTML
  Parameters: {"id"=>"1"}
  [1m[35mVideo Load (0.3ms)[0m  SELECT  `videos`.* FROM `videos` WHERE `videos`.`id` = 1 LIMIT 1
  Rendered videos/show.html.erb within layouts/application (0.3ms)
Completed 200 OK in 27ms (Views: 25.7ms | ActiveRecord: 0.3ms)


Started GET "/videos" for 127.0.0.1 at 2016-05-21 18:20:08 -0300
Processing by VideosController#index as HTML
  [1m[36mVideo Load (0.3ms)[0m  [1mSELECT `videos`.* FROM `videos`[0m
  Rendered videos/index.html.erb within layouts/application (1.5ms)
Completed 200 OK in 20ms (Views: 19.1ms | ActiveRecord: 0.3ms)


Started GET "/" for 127.0.0.1 at 2016-05-21 18:20:13 -0300
Processing by WelcomeController#index as HTML
  Rendered welcome/index.html.erb within layouts/application (0.3ms)
Completed 200 OK in 28ms (Views: 27.1ms | ActiveRecord: 0.0ms)


Started GET "/tests" for 127.0.0.1 at 2016-05-21 18:20:14 -0300
Processing by TestsController#index as HTML
  [1m[35mTest Load (0.1ms)[0m  SELECT `tests`.* FROM `tests`
  [1m[36mVideo Load (0.1ms)[0m  [1mSELECT  `videos`.* FROM `videos` WHERE `videos`.`id` = 1 LIMIT 1[0m
  [1m[35mCACHE (0.0ms)[0m  SELECT  `videos`.* FROM `videos` WHERE `videos`.`id` = 1 LIMIT 1  [["id", 1]]
  Rendered tests/index.html.erb within layouts/application (2.8ms)
Completed 200 OK in 24ms (Views: 22.7ms | ActiveRecord: 0.2ms)
